‚ùØ Building...
‚úî Building...
Initial chunk files | Names         |  Raw size
polyfills.js        | polyfills     |  90.20 kB | 
main.js             | main          |  86.96 kB | 
styles.css          | styles        | 492 bytes | 

                    | Initial total | 177.65 kB

Application bundle generation complete. [1.204 seconds]

Watch mode enabled. Watching for file changes...
NOTE: Raw file sizes do not reflect development server per-request transformations.
Re-optimizing dependencies because vite config has changed
  ‚ûú  Local:   http://localhost:4200/
‚ùØ Changes detected. Rebuilding...
‚úî Changes detected. Rebuilding...
Initial chunk files | Names | Raw size
main.js             | main  | 87.01 kB | 

Application bundle generation complete. [0.238 seconds]

Page reload sent to client(s).
‚ùØ Changes detected. Rebuilding...
‚úî Changes detected. Rebuilding...
Application bundle generation failed. [0.158 seconds]

[31m‚úò [41;31m[[41;97mERROR[41;31m][0m [1mTS-992008: Could not find stylesheet file './upload-tv-show.component.css'.[0m [1m[35m[plugin angular-compiler][0m

    src/app/tv-show-main/upload-tv-show/upload-tv-show.component.ts:13:14:
[37m      13 ‚îÇ   styleUrls: [[32m'./upload-tv-show.component.css'[37m],
         ‚ïµ               [32m~~~~~~~~~~~~~~~~~~~~~~~~~~~~~~~~[0m


‚ùØ Changes detected. Rebuilding...
‚úî Changes detected. Rebuilding...
Initial chunk files | Names         |  Raw size
main.js             | main          |  99.39 kB | 
polyfills.js        | polyfills     |  90.20 kB | 
styles.css          | styles        | 492 bytes | 

                    | Initial total | 190.08 kB

Application bundle generation complete. [0.179 seconds]

Page reload sent to client(s).
‚ùØ Changes detected. Rebuilding...
‚úî Changes detected. Rebuilding...
Initial chunk files | Names | Raw size
main.js             | main  | 99.38 kB | 

Application bundle generation complete. [0.064 seconds]

Page reload sent to client(s).
‚ùØ Changes detected. Rebuilding...
‚úî Changes detected. Rebuilding...
Initial chunk files | Names |  Raw size
main.js             | main  | 111.75 kB | 

Application bundle generation complete. [0.216 seconds]

Page reload sent to client(s).
‚ùØ Changes detected. Rebuilding...
‚úî Changes detected. Rebuilding...
Application bundle generation failed. [0.107 seconds]

[31m‚úò [41;31m[[41;97mERROR[41;31m][0m [1mCould not resolve "./tv-show-main/tv-show/tv-show.component"[0m

    src/app/app.routes.ts:6:32:
[37m      6 ‚îÇ ... TvShowComponent } from [32m'./tv-show-main/tv-show/tv-show.component'[37m;
        ‚ïµ                            [32m~~~~~~~~~~~~~~~~~~~~~~~~~~~~~~~~~~~~~~~~~~[0m


[31m‚úò [41;31m[[41;97mERROR[41;31m][0m [1mTS2307: Cannot find module './tv-show-main/tv-show/tv-show.component' or its corresponding type declarations.[0m [1m[35m[plugin angular-compiler][0m

    src/app/app.routes.ts:7:32:
[37m      7 ‚îÇ ... TvShowComponent } from [32m'./tv-show-main/tv-show/tv-show.component'[37m;
        ‚ïµ                            [32m~~~~~~~~~~~~~~~~~~~~~~~~~~~~~~~~~~~~~~~~~~[0m


[31m‚úò [41;31m[[41;97mERROR[41;31m][0m [1mCould not resolve "./tv-show-main/upload-tv-show/upload-tv-show.component"[0m

    src/app/app.routes.ts:7:38:
[37m      7 ‚îÇ ...ent } from [32m'./tv-show-main/upload-tv-show/upload-tv-show.compone[37m...
        ‚ïµ               [32m~~~~~~~~~~~~~~~~~~~~~~~~~~~~~~~~~~~~~~~~~~~~~~~~~~~~~[0m


[31m‚úò [41;31m[[41;97mERROR[41;31m][0m [1mTS2307: Cannot find module './tv-show-main/upload-tv-show/upload-tv-show.component' or its corresponding type declarations.[0m [1m[35m[plugin angular-compiler][0m

    src/app/app.routes.ts:8:36:
[37m      8 ‚îÇ ...nent} from [32m'./tv-show-main/upload-tv-show/upload-tv-show.compone[37m...
        ‚ïµ               [32m~~~~~~~~~~~~~~~~~~~~~~~~~~~~~~~~~~~~~~~~~~~~~~~~~~~~~[0m


‚ùØ Changes detected. Rebuilding...
‚úî Changes detected. Rebuilding...
Initial chunk files | Names         |  Raw size
main.js             | main          | 111.79 kB | 
polyfills.js        | polyfills     |  90.20 kB | 
styles.css          | styles        | 492 bytes | 

                    | Initial total | 202.48 kB

Application bundle generation complete. [0.179 seconds]

Page reload sent to client(s).
‚ùØ Changes detected. Rebuilding...
‚úî Changes detected. Rebuilding...
Application bundle generation failed. [0.101 seconds]

[31m‚úò [41;31m[[41;97mERROR[41;31m][0m [1mCould not resolve "./video-game-main/video-game/video-game.component"[0m

    src/app/app.routes.ts:2:35:
[37m      2 ‚îÇ ...mponent } from [32m'./video-game-main/video-game/video-game.component'[37m;
        ‚ïµ                   [32m~~~~~~~~~~~~~~~~~~~~~~~~~~~~~~~~~~~~~~~~~~~~~~~~~~~[0m


[31m‚úò [41;31m[[41;97mERROR[41;31m][0m [1mTS2307: Cannot find module './video-game-main/video-game/video-game.component' or its corresponding type declarations.[0m [1m[35m[plugin angular-compiler][0m

    src/app/app.routes.ts:3:35:
[37m      3 ‚îÇ ...mponent } from [32m'./video-game-main/video-game/video-game.component'[37m;
        ‚ïµ                   [32m~~~~~~~~~~~~~~~~~~~~~~~~~~~~~~~~~~~~~~~~~~~~~~~~~~~[0m


[31m‚úò [41;31m[[41;97mERROR[41;31m][0m [1mCould not resolve "./video-game-main/upload-video-game/upload-video-game.component"[0m

    src/app/app.routes.ts:3:41:
[37m      3 ‚îÇ ...ent } from [32m'./video-game-main/upload-video-game/upload-video-gam[37m...
        ‚ïµ               [32m~~~~~~~~~~~~~~~~~~~~~~~~~~~~~~~~~~~~~~~~~~~~~~~~~~~~~[0m


[31m‚úò [41;31m[[41;97mERROR[41;31m][0m [1mTS2307: Cannot find module './video-game-main/upload-video-game/upload-video-game.component' or its corresponding type declarations.[0m [1m[35m[plugin angular-compiler][0m

    src/app/app.routes.ts:4:41:
[37m      4 ‚îÇ ...ent } from [32m'./video-game-main/upload-video-game/upload-video-gam[37m...
        ‚ïµ               [32m~~~~~~~~~~~~~~~~~~~~~~~~~~~~~~~~~~~~~~~~~~~~~~~~~~~~~[0m


‚ùØ Changes detected. Rebuilding...
‚úî Changes detected. Rebuilding...
Application bundle generation failed. [0.066 seconds]

[31m‚úò [41;31m[[41;97mERROR[41;31m][0m [1mCould not resolve "./video-game-main/video-game/video-game.component"[0m

    src/app/app.routes.ts:2:35:
[37m      2 ‚îÇ ...mponent } from [32m'./video-game-main/video-game/video-game.component'[37m;
        ‚ïµ                   [32m~~~~~~~~~~~~~~~~~~~~~~~~~~~~~~~~~~~~~~~~~~~~~~~~~~~[0m


[31m‚úò [41;31m[[41;97mERROR[41;31m][0m [1mTS2307: Cannot find module './video-game-main/video-game/video-game.component' or its corresponding type declarations.[0m [1m[35m[plugin angular-compiler][0m

    src/app/app.routes.ts:3:35:
[37m      3 ‚îÇ ...mponent } from [32m'./video-game-main/video-game/video-game.component'[37m;
        ‚ïµ                   [32m~~~~~~~~~~~~~~~~~~~~~~~~~~~~~~~~~~~~~~~~~~~~~~~~~~~[0m


[31m‚úò [41;31m[[41;97mERROR[41;31m][0m [1mCould not resolve "./video-game-main/upload-video-game/upload-video-game.component"[0m

    src/app/app.routes.ts:3:41:
[37m      3 ‚îÇ ...ent } from [32m'./video-game-main/upload-video-game/upload-video-gam[37m...
        ‚ïµ               [32m~~~~~~~~~~~~~~~~~~~~~~~~~~~~~~~~~~~~~~~~~~~~~~~~~~~~~[0m


[31m‚úò [41;31m[[41;97mERROR[41;31m][0m [1mTS2307: Cannot find module './video-game-main/upload-video-game/upload-video-game.component' or its corresponding type declarations.[0m [1m[35m[plugin angular-compiler][0m

    src/app/app.routes.ts:4:41:
[37m      4 ‚îÇ ...ent } from [32m'./video-game-main/upload-video-game/upload-video-gam[37m...
        ‚ïµ               [32m~~~~~~~~~~~~~~~~~~~~~~~~~~~~~~~~~~~~~~~~~~~~~~~~~~~~~[0m


[31m‚úò [41;31m[[41;97mERROR[41;31m][0m [1mCould not resolve "./movie-main/movie/movie.component"[0m

    src/app/app.routes.ts:5:31:
[37m      5 ‚îÇ import { MovieComponent } from [32m'./movie-main/movie/movie.component'[37m;
        ‚ïµ                                [32m~~~~~~~~~~~~~~~~~~~~~~~~~~~~~~~~~~~~[0m


[31m‚úò [41;31m[[41;97mERROR[41;31m][0m [1mTS2307: Cannot find module './movie-main/movie/movie.component' or its corresponding type declarations.[0m [1m[35m[plugin angular-compiler][0m

    src/app/app.routes.ts:6:31:
[37m      6 ‚îÇ import { MovieComponent } from [32m'./movie-main/movie/movie.component'[37m;
        ‚ïµ                                [32m~~~~~~~~~~~~~~~~~~~~~~~~~~~~~~~~~~~~[0m


[31m‚úò [41;31m[[41;97mERROR[41;31m][0m [1mCould not resolve "./movie-main/upload-movie/upload-movie.component"[0m

    src/app/app.routes.ts:8:37:
[37m      8 ‚îÇ ...omponent } from [32m'./movie-main/upload-movie/upload-movie.component'[37m;
        ‚ïµ                    [32m~~~~~~~~~~~~~~~~~~~~~~~~~~~~~~~~~~~~~~~~~~~~~~~~~~[0m


[31m‚úò [41;31m[[41;97mERROR[41;31m][0m [1mTS2307: Cannot find module './movie-main/upload-movie/upload-movie.component' or its corresponding type declarations.[0m [1m[35m[plugin angular-compiler][0m

    src/app/app.routes.ts:9:35:
[37m      9 ‚îÇ ...Component} from [32m'./movie-main/upload-movie/upload-movie.component'[37m;
        ‚ïµ                    [32m~~~~~~~~~~~~~~~~~~~~~~~~~~~~~~~~~~~~~~~~~~~~~~~~~~[0m


‚ùØ Changes detected. Rebuilding...
‚úî Changes detected. Rebuilding...
Initial chunk files | Names         |  Raw size
main.js             | main          | 111.86 kB | 
polyfills.js        | polyfills     |  90.20 kB | 
styles.css          | styles        | 492 bytes | 

                    | Initial total | 202.55 kB

Application bundle generation complete. [0.381 seconds]

Page reload sent to client(s).
‚ùØ Changes detected. Rebuilding...
‚úî Changes detected. Rebuilding...
Application bundle generation failed. [0.198 seconds]

[31m‚úò [41;31m[[41;97mERROR[41;31m][0m [1mCould not resolve "./book-main/book/book.component"[0m

    src/app/app.routes.ts:4:30:
[37m      4 ‚îÇ import { BookComponent } from [32m'./book-main/book/book.component'[37m;
        ‚ïµ                               [32m~~~~~~~~~~~~~~~~~~~~~~~~~~~~~~~~~[0m


[31m‚úò [41;31m[[41;97mERROR[41;31m][0m [1mTS2307: Cannot find module './book-main/book/book.component' or its corresponding type declarations.[0m [1m[35m[plugin angular-compiler][0m

    src/app/app.routes.ts:5:30:
[37m      5 ‚îÇ import { BookComponent } from [32m'./book-main/book/book.component'[37m;
        ‚ïµ                               [32m~~~~~~~~~~~~~~~~~~~~~~~~~~~~~~~~~[0m


‚ùØ Changes detected. Rebuilding...
‚úî Changes detected. Rebuilding...
Initial chunk files | Names         |  Raw size
main.js             | main          | 111.88 kB | 
polyfills.js        | polyfills     |  90.20 kB | 
styles.css          | styles        | 492 bytes | 

                    | Initial total | 202.58 kB

Application bundle generation complete. [0.175 seconds]

Page reload sent to client(s).
‚ùØ Changes detected. Rebuilding...
‚úî Changes detected. Rebuilding...
Initial chunk files | Names |  Raw size
main.js             | main  | 124.22 kB | 

Application bundle generation complete. [0.169 seconds]

Page reload sent to client(s).
‚ùØ Changes detected. Rebuilding...
‚úî Changes detected. Rebuilding...
Application bundle generation failed. [0.113 seconds]

[31m‚úò [41;31m[[41;97mERROR[41;31m][0m [1mNG9: Property 'totalBooks' does not exist on type 'HomeComponent'.[0m [1m[35m[plugin angular-compiler][0m

    src/app/home/home.component.html:5:42:
[37m      5 ‚îÇ     <p class="total-item">Total Books: {{ [32mtotalBooks[37m }}</p>
        ‚ïµ                                           [32m~~~~~~~~~~[0m

  Error occurs in the template of component HomeComponent.

    src/app/home/home.component.ts:8:15:
[37m      8 ‚îÇ   templateUrl: [32m'./home.component.html'[37m,
        ‚ïµ                [32m~~~~~~~~~~~~~~~~~~~~~~~[0m


[31m‚úò [41;31m[[41;97mERROR[41;31m][0m [1mNG9: Property 'totalMovies' does not exist on type 'HomeComponent'.[0m [1m[35m[plugin angular-compiler][0m

    src/app/home/home.component.html:6:43:
[37m      6 ‚îÇ     <p class="total-item">Total Movies: {{ [32mtotalMovies[37m }}</p>
        ‚ïµ                                            [32m~~~~~~~~~~~[0m

  Error occurs in the template of component HomeComponent.

    src/app/home/home.component.ts:8:15:
[37m      8 ‚îÇ   templateUrl: [32m'./home.component.html'[37m,
        ‚ïµ                [32m~~~~~~~~~~~~~~~~~~~~~~~[0m


[31m‚úò [41;31m[[41;97mERROR[41;31m][0m [1mNG9: Property 'totalTvShows' does not exist on type 'HomeComponent'.[0m [1m[35m[plugin angular-compiler][0m

    src/app/home/home.component.html:7:45:
[37m      7 ‚îÇ     <p class="total-item">Total TV Shows: {{ [32mtotalTvShows[37m }}</p>
        ‚ïµ                                              [32m~~~~~~~~~~~~[0m

  Error occurs in the template of component HomeComponent.

    src/app/home/home.component.ts:8:15:
[37m      8 ‚îÇ   templateUrl: [32m'./home.component.html'[37m,
        ‚ïµ                [32m~~~~~~~~~~~~~~~~~~~~~~~[0m


[31m‚úò [41;31m[[41;97mERROR[41;31m][0m [1mNG9: Property 'totalVideoGames' does not exist on type 'HomeComponent'.[0m [1m[35m[plugin angular-compiler][0m

    src/app/home/home.component.html:8:48:
[37m      8 ‚îÇ     <p class="total-item">Total Video Games: {{ [32mtotalVideoGames[37m }}</p>
        ‚ïµ                                                 [32m~~~~~~~~~~~~~~~[0m

  Error occurs in the template of component HomeComponent.

    src/app/home/home.component.ts:8:15:
[37m      8 ‚îÇ   templateUrl: [32m'./home.component.html'[37m,
        ‚ïµ                [32m~~~~~~~~~~~~~~~~~~~~~~~[0m


‚ùØ Changes detected. Rebuilding...
‚úî Changes detected. Rebuilding...
Application bundle generation failed. [0.130 seconds]

[31m‚úò [41;31m[[41;97mERROR[41;31m][0m [1mTS-992003: No suitable injection token for parameter 'bookService' of class 'HomeComponent'.
  Consider using the @Inject decorator to specify an injection token.[0m [1m[35m[plugin angular-compiler][0m

    src/app/home/home.component.ts:20:12:
[37m      20 ‚îÇ     private [32mbookService[37m: BookService,
         ‚ïµ             [32m~~~~~~~~~~~[0m

  This type does not have a value, so it cannot be used as injection token.

    src/app/home/home.component.ts:20:25:
[37m      20 ‚îÇ     private bookService: [32mBookService[37m,
         ‚ïµ                          [32m~~~~~~~~~~~[0m


[31m‚úò [41;31m[[41;97mERROR[41;31m][0m [1mTS2304: Cannot find name 'BookService'.[0m [1m[35m[plugin angular-compiler][0m

    src/app/home/home.component.ts:20:25:
[37m      20 ‚îÇ     private bookService: [32mBookService[37m,
         ‚ïµ                          [32m~~~~~~~~~~~[0m


[31m‚úò [41;31m[[41;97mERROR[41;31m][0m [1mTS2304: Cannot find name 'MovieService'.[0m [1m[35m[plugin angular-compiler][0m

    src/app/home/home.component.ts:21:26:
[37m      21 ‚îÇ     private movieService: [32mMovieService[37m,
         ‚ïµ                           [32m~~~~~~~~~~~~[0m


[31m‚úò [41;31m[[41;97mERROR[41;31m][0m [1mTS2304: Cannot find name 'TvShowService'.[0m [1m[35m[plugin angular-compiler][0m

    src/app/home/home.component.ts:22:27:
[37m      22 ‚îÇ     private tvShowService: [32mTvShowService[37m,
         ‚ïµ                            [32m~~~~~~~~~~~~~[0m


[31m‚úò [41;31m[[41;97mERROR[41;31m][0m [1mTS2304: Cannot find name 'VideoGameService'.[0m [1m[35m[plugin angular-compiler][0m

    src/app/home/home.component.ts:23:30:
[37m      23 ‚îÇ     private videoGameService: [32mVideoGameService[37m
         ‚ïµ                               [32m~~~~~~~~~~~~~~~~[0m


[31m‚úò [41;31m[[41;97mERROR[41;31m][0m [1mTS7006: Parameter 'books' implicitly has an 'any' type.[0m [1m[35m[plugin angular-compiler][0m

    src/app/home/home.component.ts:27:46:
[37m      27 ‚îÇ     this.bookService.getAllBooks().subscribe(([32mbooks[37m) => {
         ‚ïµ                                               [32m~~~~~[0m


[31m‚úò [41;31m[[41;97mERROR[41;31m][0m [1mTS7006: Parameter 'movies' implicitly has an 'any' type.[0m [1m[35m[plugin angular-compiler][0m

    src/app/home/home.component.ts:31:48:
[37m      31 ‚îÇ     this.movieService.getAllMovies().subscribe(([32mmovies[37m) => {
         ‚ïµ                                                 [32m~~~~~~[0m


[31m‚úò [41;31m[[41;97mERROR[41;31m][0m [1mTS7006: Parameter 'tvShows' implicitly has an 'any' type.[0m [1m[35m[plugin angular-compiler][0m

    src/app/home/home.component.ts:35:50:
[37m      35 ‚îÇ     this.tvShowService.getAllTvShows().subscribe(([32mtvShows[37m) => {
         ‚ïµ                                                   [32m~~~~~~~[0m


[31m‚úò [41;31m[[41;97mERROR[41;31m][0m [1mTS7006: Parameter 'videoGames' implicitly has an 'any' type.[0m [1m[35m[plugin angular-compiler][0m

    src/app/home/home.component.ts:39:56:
[37m      39 ‚îÇ ...is.videoGameService.getAllVideoGames().subscribe(([32mvideoGames[37m) => {
         ‚ïµ                                                      [32m~~~~~~~~~~[0m


‚ùØ Changes detected. Rebuilding...
‚úî Changes detected. Rebuilding...
Initial chunk files | Names         |  Raw size
main.js             | main          | 126.11 kB | 
polyfills.js        | polyfills     |  90.20 kB | 
styles.css          | styles        | 492 bytes | 

                    | Initial total | 216.80 kB

Application bundle generation complete. [0.079 seconds]

Page reload sent to client(s).
‚ùØ Changes detected. Rebuilding...
‚úî Changes detected. Rebuilding...
Initial chunk files | Names |  Raw size
main.js             | main  | 128.87 kB | 

Application bundle generation complete. [0.072 seconds]

[33m‚ñ≤ [43;33m[[43;30mWARNING[43;33m][0m [1mUnexpected "<"[0m [1m[35m[plugin angular-compiler][0m [css-syntax-error]

    src/app/home/home.component.css:1:0:
[37m      1 ‚îÇ [32m<[37mdiv class="content-container">
        ‚ïµ [32m^[0m


[33m‚ñ≤ [43;33m[[43;30mWARNING[43;33m][0m [1mUnexpected "{"[0m [1m[35m[plugin angular-compiler][0m [css-syntax-error]

    src/app/home/home.component.css:10:26:
[37m      10 ‚îÇ <p class="game-platform">{[32m{[37m totalBooks }}</p>
         ‚ïµ                           [32m^[0m


[33m‚ñ≤ [43;33m[[43;30mWARNING[43;33m][0m [1mExpected ":"[0m [1m[35m[plugin angular-compiler][0m [css-syntax-error]

    src/app/home/home.component.css:10:38:
[37m      10 ‚îÇ <p class="game-platform">{{ totalBooks[32m[37m }}</p>
         ‚îÇ                                       [32m^[37m
         ‚ïµ                                       [32m:[0m


[33m‚ñ≤ [43;33m[[43;30mWARNING[43;33m][0m [1mUnexpected "<"[0m [1m[35m[plugin angular-compiler][0m [css-syntax-error]

    src/app/home/home.component.css:10:41:
[37m      10 ‚îÇ <p class="game-platform">{{ totalBooks }}[32m<[37m/p>
         ‚ïµ                                          [32m^[0m


[33m‚ñ≤ [43;33m[[43;30mWARNING[43;33m][0m [1mUnexpected "{"[0m [1m[35m[plugin angular-compiler][0m [css-syntax-error]

    src/app/home/home.component.css:19:26:
[37m      19 ‚îÇ <p class="game-platform">{[32m{[37m totalMovies }}</p>
         ‚ïµ                           [32m^[0m


[33m‚ñ≤ [43;33m[[43;30mWARNING[43;33m][0m [1mExpected ":"[0m [1m[35m[plugin angular-compiler][0m [css-syntax-error]

    src/app/home/home.component.css:19:39:
[37m      19 ‚îÇ <p class="game-platform">{{ totalMovies[32m[37m }}</p>
         ‚îÇ                                        [32m^[37m
         ‚ïµ                                        [32m:[0m


[33m‚ñ≤ [43;33m[[43;30mWARNING[43;33m][0m [1mUnexpected "<"[0m [1m[35m[plugin angular-compiler][0m [css-syntax-error]

    src/app/home/home.component.css:19:42:
[37m      19 ‚îÇ <p class="game-platform">{{ totalMovies }}[32m<[37m/p>
         ‚ïµ                                           [32m^[0m


[33m‚ñ≤ [43;33m[[43;30mWARNING[43;33m][0m [1mUnexpected "{"[0m [1m[35m[plugin angular-compiler][0m [css-syntax-error]

    src/app/home/home.component.css:28:26:
[37m      28 ‚îÇ <p class="game-platform">{[32m{[37m totalTvShows }}</p>
         ‚ïµ                           [32m^[0m


[33m‚ñ≤ [43;33m[[43;30mWARNING[43;33m][0m [1mExpected ":"[0m [1m[35m[plugin angular-compiler][0m [css-syntax-error]

    src/app/home/home.component.css:28:40:
[37m      28 ‚îÇ <p class="game-platform">{{ totalTvShows[32m[37m }}</p>
         ‚îÇ                                         [32m^[37m
         ‚ïµ                                         [32m:[0m


[33m‚ñ≤ [43;33m[[43;30mWARNING[43;33m][0m [1mUnexpected "<"[0m [1m[35m[plugin angular-compiler][0m [css-syntax-error]

    src/app/home/home.component.css:28:43:
[37m      28 ‚îÇ <p class="game-platform">{{ totalTvShows }}[32m<[37m/p>
         ‚ïµ                                            [32m^[0m


[33m‚ñ≤ [43;33m[[43;30mWARNING[43;33m][0m [1mUnexpected "{"[0m [1m[35m[plugin angular-compiler][0m [css-syntax-error]

    src/app/home/home.component.css:37:26:
[37m      37 ‚îÇ <p class="game-platform">{[32m{[37m totalVideoGames }}</p>
         ‚ïµ                           [32m^[0m


[33m‚ñ≤ [43;33m[[43;30mWARNING[43;33m][0m [1mExpected ":"[0m [1m[35m[plugin angular-compiler][0m [css-syntax-error]

    src/app/home/home.component.css:37:43:
[37m      37 ‚îÇ <p class="game-platform">{{ totalVideoGames[32m[37m }}</p>
         ‚îÇ                                            [32m^[37m
         ‚ïµ                                            [32m:[0m


[33m‚ñ≤ [43;33m[[43;30mWARNING[43;33m][0m [1mUnexpected "<"[0m [1m[35m[plugin angular-compiler][0m [css-syntax-error]

    src/app/home/home.component.css:37:46:
[37m      37 ‚îÇ <p class="game-platform">{{ totalVideoGames }}[32m<[37m/p>
         ‚ïµ                                               [32m^[0m


Page reload sent to client(s).
‚ùØ Changes detected. Rebuilding...
‚úî Changes detected. Rebuilding...
Initial chunk files | Names |  Raw size
main.js             | main  | 126.11 kB | 

Application bundle generation complete. [0.077 seconds]

Page reload sent to client(s).
‚ùØ Changes detected. Rebuilding...
‚úî Changes detected. Rebuilding...
Initial chunk files | Names |  Raw size
main.js             | main  | 126.81 kB | 

Application bundle generation complete. [0.090 seconds]

Page reload sent to client(s).
‚ùØ Changes detected. Rebuilding...
‚úî Changes detected. Rebuilding...
Initial chunk files | Names |  Raw size
main.js             | main  | 128.09 kB | 

Application bundle generation complete. [0.103 seconds]

Page reload sent to client(s).
‚ùØ Changes detected. Rebuilding...
‚úî Changes detected. Rebuilding...
Initial chunk files | Names |  Raw size
main.js             | main  | 128.11 kB | 

Application bundle generation complete. [0.071 seconds]

Page reload sent to client(s).
